GaoDe/build/outputs/logs/manifest-merger-debug-report.txt
-- Merging decision tree log ---
manifest
ADDED from MyWork\GaoDe\AndroidManifest.xml:2:1-267:12
	xmlns:android
		ADDED from MyWork\GaoDe\AndroidManifest.xml:4:5-63
	package
		ADDED from MyWork\GaoDe\AndroidManifest.xml:3:5-33
	android:versionName
		ADDED from MyWork\GaoDe\AndroidManifest.xml:6:5-30
		INJECTED from MyWork\GaoDe\AndroidManifest.xml
		INJECTED from MyWork\GaoDe\AndroidManifest.xml
	android:versionCode
		ADDED from MyWork\GaoDe\AndroidManifest.xml:5:5-28
		INJECTED from MyWork\GaoDe\AndroidManifest.xml
		INJECTED from MyWork\GaoDe\AndroidManifest.xml
uses-sdk
ADDED from MyWork\GaoDe\AndroidManifest.xml:8:5-10:40
	android:targetSdkVersion
		ADDED from MyWork\GaoDe\AndroidManifest.xml:10:9-38
	android:minSdkVersion
		ADDED from MyWork\GaoDe\AndroidManifest.xml:9:9-34
application
ADDED from MyWork\GaoDe\AndroidManifest.xml:12:5-255:19
	android:label
		ADDED from MyWork\GaoDe\AndroidManifest.xml:16:9-41
	android:allowBackup
		ADDED from MyWork\GaoDe\AndroidManifest.xml:14:9-36
	android:icon
		ADDED from MyWork\GaoDe\AndroidManifest.xml:15:9-45
	android:theme
		ADDED from MyWork\GaoDe\AndroidManifest.xml:17:9-51
	android:name
		ADDED from MyWork\GaoDe\AndroidManifest.xml:18:9-29
meta-data#com.amap.api.v2.apikey
ADDED from MyWork\GaoDe\AndroidManifest.xml:19:9-21:63
	android:name
		ADDED from MyWork\GaoDe\AndroidManifest.xml:20:13-50
	android:value
		ADDED from MyWork\GaoDe\AndroidManifest.xml:21:13-61
activity#com.amap.navi.demo.activity.IndexActivity
ADDED from MyWork\GaoDe\AndroidManifest.xml:23:9-31:20
	android:screenOrientation
		ADDED from MyWork\GaoDe\AndroidManifest.xml:26:13-49
	android:label
		ADDED from MyWork\GaoDe\AndroidManifest.xml:25:13-45
	android:name
		ADDED from MyWork\GaoDe\AndroidManifest.xml:24:13-51
intent-filter#android.intent.action.MAIN+android.intent.category.LAUNCHER
ADDED from MyWork\GaoDe\AndroidManifest.xml:27:13-30:29
action#android.intent.action.MAIN
ADDED from MyWork\GaoDe\AndroidManifest.xml:28:17-68
	android:name
		ADDED from MyWork\GaoDe\AndroidManifest.xml:28:25-66
category#android.intent.category.LAUNCHER
ADDED from MyWork\GaoDe\AndroidManifest.xml:29:17-76
	android:name
		ADDED from MyWork\GaoDe\AndroidManifest.xml:29:27-74
service#com.amap.api.location.APSService
ADDED from MyWork\GaoDe\AndroidManifest.xml:33:9-67
	android:name
		ADDED from MyWork\GaoDe\AndroidManifest.xml:33:18-65
activity#com.amap.navi.demo.activity.BasicNaviActivity
ADDED from MyWork\GaoDe\AndroidManifest.xml:35:9-40:20
	android:label
		ADDED from MyWork\GaoDe\AndroidManifest.xml:38:13-45
	android:configChanges
		ADDED from MyWork\GaoDe\AndroidManifest.xml:37:13-74
	android:theme
		ADDED from MyWork\GaoDe\AndroidManifest.xml:39:13-66
	android:name
		ADDED from MyWork\GaoDe\AndroidManifest.xml:36:13-73
activity#com.amap.navi.demo.activity.CustomZoomInIntersectionViewActivity
ADDED from MyWork\GaoDe\AndroidManifest.xml:42:9-47:20
	android:label
		ADDED from MyWork\GaoDe\AndroidManifest.xml:45:13-45
	android:configChanges
		ADDED from MyWork\GaoDe\AndroidManifest.xml:44:13-74
	android:theme
		ADDED from MyWork\GaoDe\AndroidManifest.xml:46:13-66
	android:name
		ADDED from MyWork\GaoDe\AndroidManifest.xml:43:13-92
activity#com.amap.navi.demo.activity.CustomRouteActivity
ADDED from MyWork\GaoDe\AndroidManifest.xml:50:9-55:20
	android:label
		ADDED from MyWork\GaoDe\AndroidManifest.xml:53:13-45
	android:configChanges
		ADDED from MyWork\GaoDe\AndroidManifest.xml:52:13-74
	android:theme
		ADDED from MyWork\GaoDe\AndroidManifest.xml:54:13-66
	android:name
		ADDED from MyWork\GaoDe\AndroidManifest.xml:51:13-75
activity#com.amap.navi.demo.activity.CustomDriveWayViewActivity
ADDED from MyWork\GaoDe\AndroidManifest.xml:57:9-62:20
	android:label
		ADDED from MyWork\GaoDe\AndroidManifest.xml:60:13-45
	android:configChanges
		ADDED from MyWork\GaoDe\AndroidManifest.xml:59:13-74
	android:theme
		ADDED from MyWork\GaoDe\AndroidManifest.xml:61:13-66
	android:name
		ADDED from MyWork\GaoDe\AndroidManifest.xml:58:13-82
activity#com.amap.navi.demo.activity.HudDisplayActivity
ADDED from MyWork\GaoDe\AndroidManifest.xml:64:9-69:20
	android:label
		ADDED from MyWork\GaoDe\AndroidManifest.xml:67:13-45
	android:configChanges
		ADDED from MyWork\GaoDe\AndroidManifest.xml:66:13-74
	android:theme
		ADDED from MyWork\GaoDe\AndroidManifest.xml:68:13-66
	android:name
		ADDED from MyWork\GaoDe\AndroidManifest.xml:65:13-74
activity#com.amap.navi.demo.activity.IntelligentBroadcastActivity
ADDED from MyWork\GaoDe\AndroidManifest.xml:71:9-76:20
	android:label
		ADDED from MyWork\GaoDe\AndroidManifest.xml:74:13-45
	android:configChanges
		ADDED from MyWork\GaoDe\AndroidManifest.xml:73:13-74
	android:theme
		ADDED from MyWork\GaoDe\AndroidManifest.xml:75:13-66
	android:name
		ADDED from MyWork\GaoDe\AndroidManifest.xml:72:13-84
activity#com.amap.navi.demo.activity.RoutePlanningActivity
ADDED from MyWork\GaoDe\AndroidManifest.xml:77:9-83:20
	android:windowSoftInputMode
		ADDED from MyWork\GaoDe\AndroidManifest.xml:82:13-60
	android:label
		ADDED from MyWork\GaoDe\AndroidManifest.xml:80:13-45
	android:configChanges
		ADDED from MyWork\GaoDe\AndroidManifest.xml:79:13-74
	android:theme
		ADDED from MyWork\GaoDe\AndroidManifest.xml:81:13-66
	android:name
		ADDED from MyWork\GaoDe\AndroidManifest.xml:78:13-77
activity#com.amap.navi.demo.activity.GPSNaviActivity
ADDED from MyWork\GaoDe\AndroidManifest.xml:84:9-89:20
	android:label
		ADDED from MyWork\GaoDe\AndroidManifest.xml:87:13-45
	android:configChanges
		ADDED from MyWork\GaoDe\AndroidManifest.xml:86:13-74
	android:theme
		ADDED from MyWork\GaoDe\AndroidManifest.xml:88:13-66
	android:name
		ADDED from MyWork\GaoDe\AndroidManifest.xml:85:13-71
activity#com.amap.navi.demo.activity.CustomTrafficBarViewActivity
ADDED from MyWork\GaoDe\AndroidManifest.xml:91:9-96:20
	android:label
		ADDED from MyWork\GaoDe\AndroidManifest.xml:94:13-45
	android:configChanges
		ADDED from MyWork\GaoDe\AndroidManifest.xml:93:13-74
	android:theme
		ADDED from MyWork\GaoDe\AndroidManifest.xml:95:13-66
	android:name
		ADDED from MyWork\GaoDe\AndroidManifest.xml:92:13-84
activity#com.amap.navi.demo.activity.SimpleNaviActivity
ADDED from MyWork\GaoDe\AndroidManifest.xml:98:9-103:20
	android:label
		ADDED from MyWork\GaoDe\AndroidManifest.xml:101:13-45
	android:configChanges
		ADDED from MyWork\GaoDe\AndroidManifest.xml:100:13-74
	android:theme
		ADDED from MyWork\GaoDe\AndroidManifest.xml:102:13-66
	android:name
		ADDED from MyWork\GaoDe\AndroidManifest.xml:99:13-74
activity#com.amap.navi.demo.activity.GetNaviStepsAndLinksActivity
ADDED from MyWork\GaoDe\AndroidManifest.xml:105:9-110:20
	android:label
		ADDED from MyWork\GaoDe\AndroidManifest.xml:108:13-45
	android:configChanges
		ADDED from MyWork\GaoDe\AndroidManifest.xml:107:13-74
	android:theme
		ADDED from MyWork\GaoDe\AndroidManifest.xml:109:13-66
	android:name
		ADDED from MyWork\GaoDe\AndroidManifest.xml:106:13-84
activity#com.amap.navi.demo.activity.NorthModeActivity
ADDED from MyWork\GaoDe\AndroidManifest.xml:111:9-116:20
	android:label
		ADDED from MyWork\GaoDe\AndroidManifest.xml:114:13-45
	android:configChanges
		ADDED from MyWork\GaoDe\AndroidManifest.xml:113:13-74
	android:theme
		ADDED from MyWork\GaoDe\AndroidManifest.xml:115:13-66
	android:name
		ADDED from MyWork\GaoDe\AndroidManifest.xml:112:13-73
activity#com.amap.navi.demo.activity.OverviewModeActivity
ADDED from MyWork\GaoDe\AndroidManifest.xml:117:9-122:20
	android:label
		ADDED from MyWork\GaoDe\AndroidManifest.xml:120:13-45
	android:configChanges
		ADDED from MyWork\GaoDe\AndroidManifest.xml:119:13-74
	android:theme
		ADDED from MyWork\GaoDe\AndroidManifest.xml:121:13-66
	android:name
		ADDED from MyWork\GaoDe\AndroidManifest.xml:118:13-76
activity#com.amap.navi.demo.activity.BasicWalkNaviActivity
ADDED from MyWork\GaoDe\AndroidManifest.xml:124:9-129:20
	android:label
		ADDED from MyWork\GaoDe\AndroidManifest.xml:127:13-45
	android:configChanges
		ADDED from MyWork\GaoDe\AndroidManifest.xml:126:13-74
	android:theme
		ADDED from MyWork\GaoDe\AndroidManifest.xml:128:13-66
	android:name
		ADDED from MyWork\GaoDe\AndroidManifest.xml:125:13-77
activity#com.amap.navi.demo.activity.UseExtraGpsDataActivity
ADDED from MyWork\GaoDe\AndroidManifest.xml:132:9-137:20
	android:label
		ADDED from MyWork\GaoDe\AndroidManifest.xml:135:13-45
	android:configChanges
		ADDED from MyWork\GaoDe\AndroidManifest.xml:134:13-74
	android:theme
		ADDED from MyWork\GaoDe\AndroidManifest.xml:136:13-66
	android:name
		ADDED from MyWork\GaoDe\AndroidManifest.xml:133:13-79
activity#com.amap.navi.demo.activity.CustomCarActivity
ADDED from MyWork\GaoDe\AndroidManifest.xml:140:9-145:20
	android:label
		ADDED from MyWork\GaoDe\AndroidManifest.xml:143:13-45
	android:configChanges
		ADDED from MyWork\GaoDe\AndroidManifest.xml:142:13-74
	android:theme
		ADDED from MyWork\GaoDe\AndroidManifest.xml:144:13-66
	android:name
		ADDED from MyWork\GaoDe\AndroidManifest.xml:141:13-73
activity#com.amap.navi.demo.activity.CustomRouteTextureInAMapNaviViewActivity
ADDED from MyWork\GaoDe\AndroidManifest.xml:147:9-152:20
	android:label
		ADDED from MyWork\GaoDe\AndroidManifest.xml:150:13-45
	android:configChanges
		ADDED from MyWork\GaoDe\AndroidManifest.xml:149:13-74
	android:theme
		ADDED from MyWork\GaoDe\AndroidManifest.xml:151:13-66
	android:name
		ADDED from MyWork\GaoDe\AndroidManifest.xml:148:13-96
activity#com.amap.navi.demo.activity.CustomDirectionViewActivity
ADDED from MyWork\GaoDe\AndroidManifest.xml:155:9-160:20
	android:label
		ADDED from MyWork\GaoDe\AndroidManifest.xml:158:13-45
	android:configChanges
		ADDED from MyWork\GaoDe\AndroidManifest.xml:157:13-74
	android:theme
		ADDED from MyWork\GaoDe\AndroidManifest.xml:159:13-66
	android:name
		ADDED from MyWork\GaoDe\AndroidManifest.xml:156:13-83
activity#com.amap.navi.demo.activity.CustomTrafficButtonViewActivity
ADDED from MyWork\GaoDe\AndroidManifest.xml:162:9-167:20
	android:label
		ADDED from MyWork\GaoDe\AndroidManifest.xml:165:13-45
	android:configChanges
		ADDED from MyWork\GaoDe\AndroidManifest.xml:164:13-74
	android:theme
		ADDED from MyWork\GaoDe\AndroidManifest.xml:166:13-66
	android:name
		ADDED from MyWork\GaoDe\AndroidManifest.xml:163:13-87
activity#com.amap.navi.demo.activity.CustomNextTurnTipViewActivity
ADDED from MyWork\GaoDe\AndroidManifest.xml:170:9-175:20
	android:label
		ADDED from MyWork\GaoDe\AndroidManifest.xml:173:13-45
	android:configChanges
		ADDED from MyWork\GaoDe\AndroidManifest.xml:172:13-74
	android:theme
		ADDED from MyWork\GaoDe\AndroidManifest.xml:174:13-66
	android:name
		ADDED from MyWork\GaoDe\AndroidManifest.xml:171:13-85
activity#com.amap.navi.demo.activity.CustomZoomButtonViewActivity
ADDED from MyWork\GaoDe\AndroidManifest.xml:178:9-183:20
	android:label
		ADDED from MyWork\GaoDe\AndroidManifest.xml:181:13-45
	android:configChanges
		ADDED from MyWork\GaoDe\AndroidManifest.xml:180:13-74
	android:theme
		ADDED from MyWork\GaoDe\AndroidManifest.xml:182:13-66
	android:name
		ADDED from MyWork\GaoDe\AndroidManifest.xml:179:13-84
activity#com.amap.navi.demo.activity.CustomOverviewButtonViewActivity
ADDED from MyWork\GaoDe\AndroidManifest.xml:186:9-191:20
	android:label
		ADDED from MyWork\GaoDe\AndroidManifest.xml:189:13-45
	android:configChanges
		ADDED from MyWork\GaoDe\AndroidManifest.xml:188:13-74
	android:theme
		ADDED from MyWork\GaoDe\AndroidManifest.xml:190:13-66
	android:name
		ADDED from MyWork\GaoDe\AndroidManifest.xml:187:13-88
activity#com.amap.navi.demo.activity.RestRouteShowActivity
ADDED from MyWork\GaoDe\AndroidManifest.xml:192:9-197:20
	android:label
		ADDED from MyWork\GaoDe\AndroidManifest.xml:195:13-45
	android:configChanges
		ADDED from MyWork\GaoDe\AndroidManifest.xml:194:13-74
	android:theme
		ADDED from MyWork\GaoDe\AndroidManifest.xml:196:13-66
	android:name
		ADDED from MyWork\GaoDe\AndroidManifest.xml:193:13-77
activity#com.amap.navi.demo.activity.RouteNaviActivity
ADDED from MyWork\GaoDe\AndroidManifest.xml:198:9-203:20
	android:label
		ADDED from MyWork\GaoDe\AndroidManifest.xml:201:13-45
	android:configChanges
		ADDED from MyWork\GaoDe\AndroidManifest.xml:200:13-74
	android:theme
		ADDED from MyWork\GaoDe\AndroidManifest.xml:202:13-66
	android:name
		ADDED from MyWork\GaoDe\AndroidManifest.xml:199:13-73
activity#com.amap.navi.demo.activity.SingleRouteCalculateActivity
ADDED from MyWork\GaoDe\AndroidManifest.xml:205:9-210:20
	android:label
		ADDED from MyWork\GaoDe\AndroidManifest.xml:208:13-45
	android:configChanges
		ADDED from MyWork\GaoDe\AndroidManifest.xml:207:13-74
	android:theme
		ADDED from MyWork\GaoDe\AndroidManifest.xml:209:13-66
	android:name
		ADDED from MyWork\GaoDe\AndroidManifest.xml:206:13-66
activity#com.amap.navi.demo.activity.WalkRouteCalculateActivity
ADDED from MyWork\GaoDe\AndroidManifest.xml:212:9-217:20
	android:label
		ADDED from MyWork\GaoDe\AndroidManifest.xml:215:13-45
	android:configChanges
		ADDED from MyWork\GaoDe\AndroidManifest.xml:214:13-74
	android:theme
		ADDED from MyWork\GaoDe\AndroidManifest.xml:216:13-66
	android:name
		ADDED from MyWork\GaoDe\AndroidManifest.xml:213:13-64
activity#com.amap.navi.demo.activity.RideRouteCalculateActivity
ADDED from MyWork\GaoDe\AndroidManifest.xml:219:9-224:20
	android:label
		ADDED from MyWork\GaoDe\AndroidManifest.xml:222:13-45
	android:configChanges
		ADDED from MyWork\GaoDe\AndroidManifest.xml:221:13-74
	android:theme
		ADDED from MyWork\GaoDe\AndroidManifest.xml:223:13-66
	android:name
		ADDED from MyWork\GaoDe\AndroidManifest.xml:220:13-64
activity#com.amap.navi.demo.activity.EmulatorActivity
ADDED from MyWork\GaoDe\AndroidManifest.xml:226:9-231:20
	android:label
		ADDED from MyWork\GaoDe\AndroidManifest.xml:229:13-45
	android:configChanges
		ADDED from MyWork\GaoDe\AndroidManifest.xml:228:13-74
	android:theme
		ADDED from MyWork\GaoDe\AndroidManifest.xml:230:13-66
	android:name
		ADDED from MyWork\GaoDe\AndroidManifest.xml:227:13-54
activity#com.amap.navi.demo.activity.custom.CustomUiActivity
ADDED from MyWork\GaoDe\AndroidManifest.xml:233:9-238:20
	android:label
		ADDED from MyWork\GaoDe\AndroidManifest.xml:236:13-45
	android:configChanges
		ADDED from MyWork\GaoDe\AndroidManifest.xml:235:13-74
	android:theme
		ADDED from MyWork\GaoDe\AndroidManifest.xml:237:13-66
	android:name
		ADDED from MyWork\GaoDe\AndroidManifest.xml:234:13-61
activity#com.amap.navi.demo.activity.DriverListActivity
ADDED from MyWork\GaoDe\AndroidManifest.xml:240:9-245:20
	android:label
		ADDED from MyWork\GaoDe\AndroidManifest.xml:243:13-45
	android:configChanges
		ADDED from MyWork\GaoDe\AndroidManifest.xml:242:13-74
	android:theme
		ADDED from MyWork\GaoDe\AndroidManifest.xml:244:13-66
	android:name
		ADDED from MyWork\GaoDe\AndroidManifest.xml:241:13-56
activity#com.amap.navi.demo.activity.NaviInfoActivity
ADDED from MyWork\GaoDe\AndroidManifest.xml:247:9-252:20
	android:label
		ADDED from MyWork\GaoDe\AndroidManifest.xml:250:13-45
	android:configChanges
		ADDED from MyWork\GaoDe\AndroidManifest.xml:249:13-74
	android:theme
		ADDED from MyWork\GaoDe\AndroidManifest.xml:251:13-66
	android:name
		ADDED from MyWork\GaoDe\AndroidManifest.xml:248:13-54
uses-permission#android.permission.INTERNET
ADDED from MyWork\GaoDe\AndroidManifest.xml:257:5-66
	android:name
		ADDED from MyWork\GaoDe\AndroidManifest.xml:257:22-64
uses-permission#android.permission.WRITE_EXTERNAL_STORAGE
ADDED from MyWork\GaoDe\AndroidManifest.xml:258:5-80
	android:name
		ADDED from MyWork\GaoDe\AndroidManifest.xml:258:22-78
uses-permission#android.permission.ACCESS_COARSE_LOCATION
ADDED from MyWork\GaoDe\AndroidManifest.xml:259:5-80
	android:name
		ADDED from MyWork\GaoDe\AndroidManifest.xml:259:22-78
uses-permission#android.permission.ACCESS_NETWORK_STATE
ADDED from MyWork\GaoDe\AndroidManifest.xml:260:5-78
	android:name
		ADDED from MyWork\GaoDe\AndroidManifest.xml:260:22-76
uses-permission#android.permission.ACCESS_FINE_LOCATION
ADDED from MyWork\GaoDe\AndroidManifest.xml:261:5-78
	android:name
		ADDED from MyWork\GaoDe\AndroidManifest.xml:261:22-76
uses-permission#android.permission.READ_PHONE_STATE
ADDED from MyWork\GaoDe\AndroidManifest.xml:262:5-74
	android:name
		ADDED from MyWork\GaoDe\AndroidManifest.xml:262:22-72
uses-permission#android.permission.CHANGE_WIFI_STATE
ADDED from MyWork\GaoDe\AndroidManifest.xml:263:5-75
	android:name
		ADDED from MyWork\GaoDe\AndroidManifest.xml:263:22-73
uses-permission#android.permission.ACCESS_WIFI_STATE
ADDED from MyWork\GaoDe\AndroidManifest.xml:264:5-75
	android:name
		ADDED from MyWork\GaoDe\AndroidManifest.xml:264:22-73
uses-permission#android.permission.WAKE_LOCK
ADDED from MyWork\GaoDe\AndroidManifest.xml:265:5-67
	android:name
		ADDED from MyWork\GaoDe\AndroidManifest.xml:265:22-65